This is pdfeTeXk, Version 3.141592-1.20a-2.2 (Web2c 7.5.3) (format=latex 2008.4.30)  12 JUN 2009 14:40
 Source specials enabled.
 %&-line parsing enabled.
**&latex sub42-domino.tex
(./sub42-domino.tex
LaTeX2e <2003/12/01>
! Undefined control sequence.
l.1 \subsection
               *{The Domino Theory}\index{domino theory}
? e
 
Here is how much of TeX's memory you used:
 5 strings out of 95387
 140 string characters out of 1187870
 1043621 words of memory out of 2500000
 3068 multiletter control sequences out of 10000+50000
 3640 words of font info for 14 fonts, out of 1000000 for 2000
 14 hyphenation exceptions out of 8191
 4i,0n,1p,80b,7s stack positions out of 5000i,500n,1000p,200000b,5000s
 0 PDF objects out of 300000
 0 named destinations out of 131072
 1 words of extra memory for PDF output out of 65536
No pages of output.
