\BOOKMARK [0][-]{chapter*.3}{Version 3 and Version 2.1}{}
\BOOKMARK [0][-]{chapter*.4}{Note to Students}{}
\BOOKMARK [0][-]{chapter*.5}{Preface}{}
\BOOKMARK [0][-]{chapter.1}{Introduction to Writing Proofs in Mathematics}{}
\BOOKMARK [1][-]{section.1.1}{Statements and Conditional Statements}{chapter.1}
\BOOKMARK [1][-]{section.1.2}{Constructing Direct Proofs}{chapter.1}
\BOOKMARK [1][-]{section.1.3}{Chapter 1 Summary}{chapter.1}
\BOOKMARK [0][-]{chapter.2}{Logical Reasoning}{}
\BOOKMARK [1][-]{section.2.1}{Statements and Logical Operators}{chapter.2}
\BOOKMARK [1][-]{section.2.2}{Logically Equivalent Statements}{chapter.2}
\BOOKMARK [1][-]{section.2.3}{Open Sentences and Sets}{chapter.2}
\BOOKMARK [1][-]{section.2.4}{Quantifiers and Negations}{chapter.2}
\BOOKMARK [1][-]{section.2.5}{Chapter 2 Summary}{chapter.2}
\BOOKMARK [0][-]{chapter.3}{Constructing and Writing Proofs in Mathematics}{}
\BOOKMARK [1][-]{section.3.1}{Direct Proofs}{chapter.3}
\BOOKMARK [1][-]{section.3.2}{More Methods of Proof}{chapter.3}
\BOOKMARK [1][-]{section.3.3}{Proof by Contradiction}{chapter.3}
\BOOKMARK [1][-]{section.3.4}{Using Cases in Proofs}{chapter.3}
\BOOKMARK [1][-]{section.3.5}{The Division Algorithm and Congruence}{chapter.3}
\BOOKMARK [1][-]{section.3.6}{Review of Proof Methods}{chapter.3}
\BOOKMARK [1][-]{section.3.7}{Chapter 3 Summary}{chapter.3}
\BOOKMARK [0][-]{chapter.4}{Mathematical Induction}{}
\BOOKMARK [1][-]{section.4.1}{The Principle of Mathematical Induction}{chapter.4}
\BOOKMARK [1][-]{section.4.2}{Other Forms of Mathematical Induction}{chapter.4}
\BOOKMARK [1][-]{section.4.3}{Induction and Recursion}{chapter.4}
\BOOKMARK [1][-]{section.4.4}{Chapter 4 Summary}{chapter.4}
\BOOKMARK [0][-]{chapter.5}{Set Theory}{}
\BOOKMARK [1][-]{section.5.1}{Sets and Operations on Sets}{chapter.5}
\BOOKMARK [1][-]{section.5.2}{Proving Set Relationships}{chapter.5}
\BOOKMARK [1][-]{section.5.3}{Properties of Set Operations}{chapter.5}
\BOOKMARK [1][-]{section.5.4}{Cartesian Products}{chapter.5}
\BOOKMARK [1][-]{section.5.5}{Indexed Families of Sets}{chapter.5}
\BOOKMARK [1][-]{section.5.6}{Chapter 5 Summary}{chapter.5}
\BOOKMARK [0][-]{chapter.6}{Functions}{}
\BOOKMARK [1][-]{section.6.1}{Introduction to Functions}{chapter.6}
\BOOKMARK [1][-]{section.6.2}{More about Functions}{chapter.6}
\BOOKMARK [1][-]{section.6.3}{Injections, Surjections, and Bijections}{chapter.6}
\BOOKMARK [1][-]{section.6.4}{Composition of Functions}{chapter.6}
\BOOKMARK [1][-]{section.6.5}{Inverse Functions}{chapter.6}
\BOOKMARK [1][-]{section.6.6}{Functions Acting on Sets}{chapter.6}
\BOOKMARK [1][-]{section.6.7}{Chapter 6 Summary}{chapter.6}
\BOOKMARK [0][-]{chapter.7}{Equivalence Relations}{}
\BOOKMARK [1][-]{section.7.1}{Relations}{chapter.7}
\BOOKMARK [1][-]{section.7.2}{Equivalence Relations}{chapter.7}
\BOOKMARK [1][-]{section.7.3}{Equivalence Classes}{chapter.7}
\BOOKMARK [1][-]{section.7.4}{Modular Arithmetic}{chapter.7}
\BOOKMARK [1][-]{section.7.5}{Chapter 7 Summary}{chapter.7}
\BOOKMARK [0][-]{chapter.8}{Topics in Number Theory}{}
\BOOKMARK [1][-]{section.8.1}{The Greatest Common Divisor}{chapter.8}
\BOOKMARK [1][-]{section.8.2}{Prime Numbers and Prime Factorizations}{chapter.8}
\BOOKMARK [1][-]{section.8.3}{Linear Diophantine Equations}{chapter.8}
\BOOKMARK [1][-]{section.8.4}{Chapter 8 Summary}{chapter.8}
\BOOKMARK [0][-]{chapter.9}{Finite and Infinite Sets}{}
\BOOKMARK [1][-]{section.9.1}{Finite Sets}{chapter.9}
\BOOKMARK [1][-]{section.9.2}{Countable Sets}{chapter.9}
\BOOKMARK [1][-]{section.9.3}{Uncountable Sets}{chapter.9}
\BOOKMARK [1][-]{section.9.4}{Chapter 9 Summary}{chapter.9}
\BOOKMARK [0][-]{appendix.A}{Guidelines for Writing Mathematical Proofs}{}
\BOOKMARK [0][-]{appendix.B}{Answers for the Progress Checks}{}
\BOOKMARK [0][-]{appendix.C}{Answers and Hints for Selected Exercises}{}
\BOOKMARK [0][-]{appendix.D}{List of Symbols}{}
\BOOKMARK [0][-]{appendix.D}{ Index}{}
