This is pdfeTeXk, Version 3.141592-1.20a-2.2 (Web2c 7.5.3) (format=latex 2009.7.13)  2 SEP 2009 09:09
 Source specials enabled.
 %&-line parsing enabled.
**&latex sub11-conditional.tex
(./sub11-conditional.tex
LaTeX2e <2005/12/01>
! Undefined control sequence.
l.1 \subsection
               *{Conditional Statements}\label{SS:conditional}One of the mos...

? e
 
Here is how much of TeX's memory you used:
 5 strings out of 95375
 160 string characters out of 1187798
 1043704 words of memory out of 2500000
 3080 multiletter control sequences out of 10000+50000
 3640 words of font info for 14 fonts, out of 1000000 for 2000
 14 hyphenation exceptions out of 8191
 4i,0n,1p,284b,7s stack positions out of 5000i,500n,1000p,200000b,5000s
 0 PDF objects out of 300000
 0 named destinations out of 131072
 1 words of extra memory for PDF output out of 65536
No pages of output.
