This is pdfeTeXk, Version 3.141592-1.20a-2.2 (Web2c 7.5.3) (format=latex 2009.7.13)  19 SEP 2010 21:45
 Source specials enabled.
 %&-line parsing enabled.
**&latex manual.tex
(./manual.tex
LaTeX2e <2005/12/01>
(c:/Program Files/PCTeX/PCTeXv6/texmf-dist/tex/latex/base/book.cls
Document Class: book 2005/09/16 v1.4f Standard LaTeX document class
(c:/Program Files/PCTeX/PCTeXv6/texmf-dist/tex/latex/base/bk11.clo
File: bk11.clo 2005/09/16 v1.4f Standard LaTeX file (size option)
)
\c@part=\count79
\c@chapter=\count80
\c@section=\count81
\c@subsection=\count82
\c@subsubsection=\count83
\c@paragraph=\count84
\c@subparagraph=\count85
\c@figure=\count86
\c@table=\count87
\abovecaptionskip=\skip41
\belowcaptionskip=\skip42
\bibindent=\dimen102
)
(c://pctex/author.sty

LaTeX Warning: You have requested package `c://pctex/author',
               but the package provides `author'.

Package: author 
(c:/Program Files/PCTeX/PCTeXv6/texmf-dist/tex/latex/amsmath/amsmath.sty
Package: amsmath 2000/07/18 v2.13 AMS math features
\@mathmargin=\skip43

For additional information on amsmath, use the `?' option.
(c:/Program Files/PCTeX/PCTeXv6/texmf-dist/tex/latex/amsmath/amstext.sty
Package: amstext 2000/06/29 v2.01

(c:/Program Files/PCTeX/PCTeXv6/texmf-dist/tex/latex/amsmath/amsgen.sty
File: amsgen.sty 1999/11/30 v2.0
\@emptytoks=\toks14
\ex@=\dimen103
))
(c:/Program Files/PCTeX/PCTeXv6/texmf-dist/tex/latex/amsmath/amsbsy.sty
Package: amsbsy 1999/11/29 v1.2d
\pmbraise@=\dimen104
)
(c:/Program Files/PCTeX/PCTeXv6/texmf-dist/tex/latex/amsmath/amsopn.sty
Package: amsopn 1999/12/14 v2.01 operator names
)
\inf@bad=\count88
LaTeX Info: Redefining \frac on input line 211.
\uproot@=\count89
\leftroot@=\count90
LaTeX Info: Redefining \overline on input line 307.
\classnum@=\count91
\DOTSCASE@=\count92
LaTeX Info: Redefining \ldots on input line 379.
LaTeX Info: Redefining \dots on input line 382.
LaTeX Info: Redefining \cdots on input line 467.
\Mathstrutbox@=\box26
\strutbox@=\box27
\big@size=\dimen105
LaTeX Font Info:    Redeclaring font encoding OML on input line 567.
LaTeX Font Info:    Redeclaring font encoding OMS on input line 568.
\macc@depth=\count93
\c@MaxMatrixCols=\count94
\dotsspace@=\muskip10
\c@parentequation=\count95
\dspbrk@lvl=\count96
\tag@help=\toks15
\row@=\count97
\column@=\count98
\maxfields@=\count99
\andhelp@=\toks16
\eqnshift@=\dimen106
\alignsep@=\dimen107
\tagshift@=\dimen108
\tagwidth@=\dimen109
\totwidth@=\dimen110
\lineht@=\dimen111
\@envbody=\toks17
\multlinegap=\skip44
\multlinetaggap=\skip45
\mathdisplay@stack=\toks18
LaTeX Info: Redefining \[ on input line 2666.
LaTeX Info: Redefining \] on input line 2667.
)
(c:/Program Files/PCTeX/PCTeXv6/texmf-dist/tex/latex/amsfonts/amssymb.sty
Package: amssymb 2002/01/22 v2.2d

(c:/Program Files/PCTeX/PCTeXv6/texmf-dist/tex/latex/amsfonts/amsfonts.sty
Package: amsfonts 2001/10/25 v2.2f
\symAMSa=\mathgroup4
\symAMSb=\mathgroup5
LaTeX Font Info:    Overwriting math alphabet `\mathfrak' in version `bold'
(Font)                  U/euf/m/n --> U/euf/b/n on input line 132.
))
(c:/Program Files/PCTeX/PCTeXv6/texmf-dist/tex/latex/amscls/amsthm.sty
Package: amsthm 2004/08/06 v2.20
\thm@style=\toks19
\thm@bodyfont=\toks20
\thm@headfont=\toks21
\thm@notefont=\toks22
\thm@headpunct=\toks23
\thm@preskip=\skip46
\thm@postskip=\skip47
\thm@headsep=\skip48
\dth@everypar=\toks24
)
(c:/Program Files/PCTeX/PCTeXv6/texmf-dist/tex/latex/graphics/graphics.sty
Package: graphics 2006/02/20 v1.0o Standard LaTeX Graphics (DPC,SPQR)

(c:/Program Files/PCTeX/PCTeXv6/texmf-dist/tex/latex/graphics/trig.sty
Package: trig 1999/03/16 v1.09 sin cos tan (DPC)
)
(c:/Program Files/PCTeX/PCTeXv6/texmf-pti/tex/latex/graphics.cfg)
Package graphics Info: Driver file: dvips.def on input line 90.

(c:/Program Files/PCTeX/PCTeXv6/texmf-pti/tex/latex/graphics/dvips.def
File: dvips.def 1999/02/16 v3.0i Driver-dependant file (DPC,SPQR)
))
(c:/Program Files/PCTeX/PCTeXv6/texmf-dist/tex/latex/tools/multicol.sty
Package: multicol 2006/05/18 v1.6g multicolumn formatting (FMi)
\c@tracingmulticols=\count100
\mult@box=\box28
\multicol@leftmargin=\dimen112
\c@unbalance=\count101
\c@collectmore=\count102
\doublecol@number=\count103
\multicoltolerance=\count104
\multicolpretolerance=\count105
\full@width=\dimen113
\page@free=\dimen114
\premulticols=\dimen115
\postmulticols=\dimen116
\multicolsep=\skip49
\multicolbaselineskip=\skip50
\partial@page=\box29
\last@line=\box30
\mult@rightbox=\box31
\mult@grightbox=\box32
\mult@gfirstbox=\box33
\mult@firstbox=\box34
\@tempa=\box35
\@tempa=\box36
\@tempa=\box37
\@tempa=\box38
\@tempa=\box39
\@tempa=\box40
\@tempa=\box41
\@tempa=\box42
\@tempa=\box43
\@tempa=\box44
\@tempa=\box45
\@tempa=\box46
\@tempa=\box47
\@tempa=\box48
\@tempa=\box49
\@tempa=\box50
\@tempa=\box51
\c@columnbadness=\count106
\c@finalcolumnbadness=\count107
\last@try=\dimen117
\multicolovershoot=\dimen118
\multicolundershoot=\dimen119
\mult@nat@firstbox=\box52
\colbreak@box=\box53
)
(c:/Program Files/PCTeX/PCTeXv6/texmf-dist/tex/latex/base/makeidx.sty
Package: makeidx 2000/03/29 v1.0m Standard LaTeX package
)
(c:/Program Files/PCTeX/PCTeXv6/texmf-dist/tex/latex/amsfonts/eucal.sty
Package: eucal 2001/10/01 v2.2d Euler Script fonts
LaTeX Font Info:    Overwriting math alphabet `\EuScript' in version `bold'
(Font)                  U/eus/m/n --> U/eus/b/n on input line 55.
)
\c@theorem=\count108
\c@previewactivity=\count109
)
(c:/Program Files/PCTeX/PCTeXv6/texmf-dist/tex/latex/psnfss/times.sty
Package: times 2005/04/12 PSNFSS-v9.2a (SPQR) 
)
(c:/Program Files/PCTeX/PCTeXv6/texmf/tex/latex/mtpro2/mtpro2.sty
Package: mtpro2 2006/05/03 v1.1 MathTimePro II font support (PCTeX/WaS)

(c:/Program Files/PCTeX/PCTeXv6/texmf-dist/tex/latex/psnfss/ot1ptm.fd
File: ot1ptm.fd 2001/06/04 font definitions for OT1/ptm.
)
\c@mv@heavy=\count110
\pointcount@=\count111
\prePbox@=\box54
\Pbox@=\box55
\LRbox@=\box56
\HATbox@=\box57
\TDbox@=\box58
\CHbox@=\box59
\preSbox@=\box60
\Sbox@=\box61
\SQcount@=\count112
\SQRTbox@=\box62
\UPROOT@=\count113
\LEFTROOT@=\count114
\limtype@=\count115
\xlfont@=\count116
\xlposition@=\count117
\xlposition@ii=\count118
\optype@=\count119
\x@count=\count120
\maxXLscripts@=\dimen120
)
(c:/Program Files/PCTeX/PCTeXv6/texmf-dist/tex/latex/tools/enumerate.sty
Package: enumerate 1999/03/05 v3.00 enumerate extensions (DPC)
\@enLab=\toks25
)
\@indexfile=\write3
\openout3 = `manual.idx'.


Writing index file manual.idx
(./manual.aux
No file cd-/chapters/chapter1.aux.
(./parts/part-usingtext.aux) (./parts/part-previews.aux))
\openout1 = `manual.aux'.


(c:/Program Files/PCTeX/PCTeXv6/texmf-pti/tex/tex/legacy/table.tex
(c:/Program Files/PCTeX/PCTeXv6/texmf-pti/tex/tex/legacy/nine.tex)
(c:/Program Files/PCTeX/PCTeXv6/texmf-pti/tex/tex/legacy/eight.tex)
\LineThicknessUnit=\dimen121
\StrutUnit=\dimen122
\InterColumnSpaceUnit=\skip51
\ColumnWidthUnit=\dimen123
\KernUnit=\dimen124
\NormalTLTU=\toks26
\NormalTSU=\toks27
\NormalTICSU=\toks28
\NormalTCWU=\toks29
\NormalTKU=\toks30
\@multicnt=\count121
\LineThicknessFactor=\count122
\StrutHeightFactor=\count123
\StrutDepthFactor=\count124
\InterColumnSpaceFactor=\count125
\ColumnWidthFactor=\count126
\KernFactor=\count127
\VspaceFactor=\count128
\TracingKeys=\count129
\TracingFormats=\count130
\EveryTableParBox=\toks31
\EveryTable=\toks32
\!taTableSpread=\toks33
\LeftTabskip=\skip52
\RightTabskip=\skip53
\!taCountA=\count131
\!taColumnNumber=\count132
\!taRecursionLevel=\count133
\!taDimenA=\dimen125
\!taDimenB=\dimen126
\!taDimenC=\dimen127
\!taMinimumColumnWidth=\dimen128
\!taToksA=\toks34
\!taPreamble=\toks35
\!taDataColumnTemplate=\toks36
\!taRuleColumnTemplate=\toks37
\!taOldRuleColumnTemplate=\toks38
\!taLeftGlue=\toks39
\!taRightGlue=\toks40
\!taLastRegularTabskip=\skip54
)
(c:/Program Files/PCTeX/PCTeXv6/texmf-dist/tex/latex/amsfonts/umsb.fd
File: umsb.fd 2002/01/19 v2.2g AMS font definitions
) [1

]
[2

]
\openout2 = `parts/part-usingtext.aux'.

 (./parts/part-usingtext.tex [3




]

LaTeX Warning: Reference `C:intro' on page 4 undefined on input line 13.


LaTeX Warning: Reference `C:writingguides' on page 4 undefined on input line 13
.

[4]

LaTeX Warning: Reference `S:direct' on page 5 undef