This is pdfeTeXk, Version 3.141592-1.20a-2.2 (Web2c 7.5.3) (format=latex 2008.4.30)  9 JUN 2009 15:25
 Source specials enabled.
 %&-line parsing enabled.
**&latex prev24-quantifiers.tex
(./prev24-quantifiers.tex
LaTeX2e <2003/12/01>

! LaTeX Error: Environment previewactivity undefined.

See the LaTeX manual or LaTeX Companion for explanation.
Type  H <return>  for immediate help.
 ...                                              
                                                  
l.1 \begin{previewactivity}
                           [\textbf{An Introduction to Quantifiers}]\label{P...

? e
 
Here is how much of TeX's memory you used:
 7 strings out of 95387
 325 string characters out of 1187870
 1043621 words of memory out of 2500000
 3069 multiletter control sequences out of 10000+50000
 3640 words of font info for 14 fonts, out of 1000000 for 2000
 14 hyphenation exceptions out of 8191
 4i,0n,4p,143b,17s stack positions out of 5000i,500n,1000p,200000b,5000s
 0 PDF objects out of 300000
 0 named destinations out of 131072
 1 words of extra memory for PDF output out of 65536
No pages of output.
