This is pdfeTeXk, Version 3.141592-1.20a-2.2 (Web2c 7.5.3) (format=latex 2009.7.13)  11 AUG 2009 17:17
 Source specials enabled.
 %&-line parsing enabled.
**&latex prev61-previous.tex
(./prev61-previous.tex
LaTeX2e <2005/12/01>

! LaTeX Error: Environment previewactivity undefined.

See the LaTeX manual or LaTeX Companion for explanation.
Type  H <return>  for immediate help.
 ...                                              
                                                  
l.1 \begin{previewactivity}
                           [\textbf{Functions from Previous Courses}] \label...

? e
 
Here is how much of TeX's memory you used:
 7 strings out of 95375
 313 string characters out of 1187798
 1043704 words of memory out of 2500000
 3081 multiletter control sequences out of 10000+50000
 3640 words of font info for 14 fonts, out of 1000000 for 2000
 14 hyphenation exceptions out of 8191
 4i,0n,4p,149b,17s stack positions out of 5000i,500n,1000p,200000b,5000s
 0 PDF objects out of 300000
 0 named destinations out of 131072
 1 words of extra memory for PDF output out of 65536
No pages of output.
