This is pdfeTeXk, Version 3.141592-1.20a-2.2 (Web2c 7.5.3) (format=latex 2010.12.14)  19 JUL 2012 09:51
 Source specials enabled.
 %&-line parsing enabled.
**&latex prev33-contradiction.tex
(./prev33-contradiction.tex
LaTeX2e <2005/12/01>

! LaTeX Error: Missing \begin{document}.

See the LaTeX manual or LaTeX Companion for explanation.
Type  H <return>  for immediate help.
 ...                                              
                                                  
l.2 W
     e have already defined a \textbf{tautology}
? e
 
Here is how much of TeX's memory you used:
 6 strings out of 95375
 305 string characters out of 1187797
 1043704 words of memory out of 2500000
 3080 multiletter control sequences out of 10000+50000
 3640 words of font info for 14 fonts, out of 1000000 for 2000
 14 hyphenation exceptions out of 8191
 6i,0n,4p,80b,14s stack positions out of 5000i,500n,1000p,200000b,5000s
 0 PDF objects out of 300000
 0 named destinations out of 131072
 1 words of extra memory for PDF output out of 65536
No pages of output.
